Arguments: 
  D:\nodejs\node.exe D:\Yarn\bin\yarn.js build

PATH: 
  D:\Cmder\vendor\git-for-windows\mingw64\bin;D:\Cmder\vendor\git-for-windows\usr\bin;C:\Users\10026\bin;C:\Program Files (x86)\Intel\iCLS Client;C:\Program Files\Intel\iCLS Client;C:\windows\system32;C:\windows;C:\windows\System32\Wbem;C:\windows\System32\WindowsPowerShell\v1.0;C:\Program Files (x86)\Intel\Intel(R) Management Engine Components\DAL;C:\Program Files\Intel\Intel(R) Management Engine Components\DAL;C:\Program Files (x86)\Intel\Intel(R) Management Engine Components\IPT;C:\Program Files\Intel\Intel(R) Management Engine Components\IPT;C:\Program Files (x86)\NVIDIA Corporation\PhysX\Common;C:\Windows\system32;C:\Windows;C:\Windows\System32\Wbem;C:\Windows\System32\WindowsPowerShell\v1.0;C:\Windows\System32\OpenSSH;C:\Program Files\NVIDIA Corporation\NVIDIA NvDLISR;C:\Program Files\Intel\WiFi\bin;C:\Program Files\Common Files\Intel\WirelessCommon;C:\WINDOWS\system32;C:\WINDOWS;C:\WINDOWS\System32\Wbem;C:\WINDOWS\System32\WindowsPowerShell\v1.0;C:\WINDOWS\System32\OpenSSH;C:\Program Files\Java\jdk-14\bin;C:\Program Files\Java\jdk-14\jre\bin;D:\nodejs;D:\Yarn\bin;C:\Users\10026\Desktop;D:\Hugo\hugo;D:\Python\Scripts;D:\Python;C:\Users\10026\AppData\Local\Microsoft\WindowsApps;D:\Microsoft VS Code\bin;C:\Users\10026\AppData\Roaming\npm;C:\Users\10026\AppData\Local\Yarn\bin

Yarn version: 
  1.22.4

Node version: 
  12.18.0

Platform: 
  win32 x64

Trace: 
  SyntaxError: C:\Users\10026\Desktop\Web_Study\navigation-1\package.json: Unexpected token : in JSON at position 9
      at JSON.parse (<anonymous>)
      at D:\Yarn\lib\cli.js:1625:59
      at Generator.next (<anonymous>)
      at step (D:\Yarn\lib\cli.js:310:30)
      at D:\Yarn\lib\cli.js:321:13

npm manifest: 
  "scripts":{
    "build": "rm -rf dist && parcel build src/index.html --no-minify --public-url ./"
  },
  {
    "devDependencies": {
      "cssnano": "^4.1.10"
    },
    "name": "navigation-1",
    "version": "1.0.0",
    "main": "index.js",
    "repository": "git@github.com:mzhaonanq/navigation-1.git",
    "author": "mzhaonanq <1002604003@qq.com>",
    "license": "MIT"
  }

yarn manifest: 
  No manifest

Lockfile: 
  No lockfile
